2020-09-14 13:42:29  INFO SeleniumUtils.py wait_eleVisible [ line:39 ] 等待元素('xpath', '//*[@id="uploadPhoneNumber"]')可见！
2020-09-14 13:42:29  INFO SeleniumUtils.py wait_eleVisible [ line:47 ] 等待元素成功！开始等待时间：2020-09-14 13:42:29.630170，结束等待时间：2020-09-14 13:42:29.630170，等待时长为：0:00:00！
2020-09-14 13:42:29  INFO SeleniumUtils.py get_element [ line:64 ] 查找发送个性短信_点击导入中的元素('xpath', '//*[@id="uploadPhoneNumber"]')
2020-09-14 13:42:29  INFO SeleniumUtils.py get_element [ line:67 ] 查找<selenium.webdriver.remote.webelement.WebElement (session="c2d2caecab4f7d5a234b4b285e8628b6", element="f31d21d4-2e98-45c0-b913-0e3ff3980f43")>元素成功！
2020-09-14 13:42:29  INFO SeleniumUtils.py click_element [ line:90 ] 点击元素('xpath', '//*[@id="uploadPhoneNumber"]')！
2020-09-14 13:42:29  INFO SeleniumUtils.py click_element [ line:93 ] 点击元素<selenium.webdriver.remote.webelement.WebElement (session="c2d2caecab4f7d5a234b4b285e8628b6", element="f31d21d4-2e98-45c0-b913-0e3ff3980f43")>成功！
2020-09-14 14:21:37  INFO SeleniumUtils.py wait_eleVisible [ line:39 ] 等待元素('xpath', '//*[@id="uploadPhoneNumber"]')可见！
2020-09-14 14:21:37  INFO SeleniumUtils.py wait_eleVisible [ line:47 ] 等待元素成功！开始等待时间：2020-09-14 14:21:37.900323，结束等待时间：2020-09-14 14:21:37.900323，等待时长为：0:00:00！
2020-09-14 14:21:37  INFO SeleniumUtils.py get_element [ line:64 ] 查找发送个性短信_点击导入中的元素('xpath', '//*[@id="uploadPhoneNumber"]')
2020-09-14 14:21:37  INFO SeleniumUtils.py get_element [ line:67 ] 查找<selenium.webdriver.remote.webelement.WebElement (session="4d2976e037768e5dda7b2917e06b49a8", element="9ca21925-f7c3-430e-bfee-d34455182d62")>元素成功！
2020-09-14 14:21:37  INFO SeleniumUtils.py click_element [ line:90 ] 点击元素('xpath', '//*[@id="uploadPhoneNumber"]')！
2020-09-14 14:21:37  INFO SeleniumUtils.py click_element [ line:93 ] 点击元素<selenium.webdriver.remote.webelement.WebElement (session="4d2976e037768e5dda7b2917e06b49a8", element="9ca21925-f7c3-430e-bfee-d34455182d62")>成功！
2020-09-14 14:34:55  INFO SeleniumUtils.py wait_eleVisible [ line:39 ] 等待元素('xpath', '//*[@id="uploadPhoneNumber"]')可见！
2020-09-14 14:34:55  INFO SeleniumUtils.py wait_eleVisible [ line:47 ] 等待元素成功！开始等待时间：2020-09-14 14:34:55.831920，结束等待时间：2020-09-14 14:34:55.831920，等待时长为：0:00:00！
2020-09-14 14:34:55  INFO SeleniumUtils.py get_element [ line:64 ] 查找发送个性短信_点击导入中的元素('xpath', '//*[@id="uploadPhoneNumber"]')
2020-09-14 14:34:55  INFO SeleniumUtils.py get_element [ line:67 ] 查找<selenium.webdriver.remote.webelement.WebElement (session="2e184c8c8c5ec77e8209b5acb203fe0d", element="d2f19491-bbfa-4f59-b5e6-1090edbbb3c5")>元素成功！
2020-09-14 14:34:55  INFO SeleniumUtils.py click_element [ line:90 ] 点击元素('xpath', '//*[@id="uploadPhoneNumber"]')！
2020-09-14 14:34:55  INFO SeleniumUtils.py click_element [ line:93 ] 点击元素<selenium.webdriver.remote.webelement.WebElement (session="2e184c8c8c5ec77e8209b5acb203fe0d", element="d2f19491-bbfa-4f59-b5e6-1090edbbb3c5")>成功！
2020-09-14 14:37:50  INFO SeleniumUtils.py wait_eleVisible [ line:39 ] 等待元素('xpath', '//*[@id="uploadPhoneNumber"]')可见！
2020-09-14 14:37:50  INFO SeleniumUtils.py wait_eleVisible [ line:47 ] 等待元素成功！开始等待时间：2020-09-14 14:37:50.432910，结束等待时间：2020-09-14 14:37:50.432910，等待时长为：0:00:00！
2020-09-14 14:37:50  INFO SeleniumUtils.py get_element [ line:64 ] 查找发送个性短信_点击导入中的元素('xpath', '//*[@id="uploadPhoneNumber"]')
2020-09-14 14:37:50  INFO SeleniumUtils.py get_element [ line:67 ] 查找<selenium.webdriver.remote.webelement.WebElement (session="95577e3020a8d7faaa6b84e8e2168f13", element="155e618b-e94e-4b2e-9d95-43f6e12fd14c")>元素成功！
2020-09-14 14:37:50  INFO SeleniumUtils.py click_element [ line:90 ] 点击元素('xpath', '//*[@id="uploadPhoneNumber"]')！
2020-09-14 14:37:50  INFO SeleniumUtils.py click_element [ line:93 ] 点击元素<selenium.webdriver.remote.webelement.WebElement (session="95577e3020a8d7faaa6b84e8e2168f13", element="155e618b-e94e-4b2e-9d95-43f6e12fd14c")>成功！
2020-09-14 15:02:27  INFO _code_cache.py _create_comtypes_gen_package [ line:95 ] Imported existing <module 'comtypes.gen' from 'C:\\Users\\Administrator\\AppData\\Local\\Programs\\Python\\Python38\\lib\\site-packages\\comtypes\\gen\\__init__.py'>
2020-09-14 15:02:27  INFO _code_cache.py _find_gen_dir [ line:72 ] Using writeable comtypes cache directory: 'C:\Users\Administrator\AppData\Local\Programs\Python\Python38\lib\site-packages\comtypes\gen'
2020-09-14 15:02:39  INFO SeleniumUtils.py wait_eleVisible [ line:39 ] 等待元素('xpath', '//*[@id="uploadPhoneNumber"]')可见！
2020-09-14 15:02:39  INFO SeleniumUtils.py wait_eleVisible [ line:47 ] 等待元素成功！开始等待时间：2020-09-14 15:02:39.836831，结束等待时间：2020-09-14 15:02:39.836831，等待时长为：0:00:00！
2020-09-14 15:02:39  INFO SeleniumUtils.py get_element [ line:64 ] 查找发送个性短信_点击导入中的元素('xpath', '//*[@id="uploadPhoneNumber"]')
2020-09-14 15:02:39  INFO SeleniumUtils.py get_element [ line:67 ] 查找<selenium.webdriver.remote.webelement.WebElement (session="fe6a2daf1cc611998bf86c1a13db8d44", element="1baaf3f0-4fb4-47b1-b0d0-ec60f6b81cfb")>元素成功！
2020-09-14 15:02:39  INFO SeleniumUtils.py click_element [ line:90 ] 点击元素('xpath', '//*[@id="uploadPhoneNumber"]')！
2020-09-14 15:02:39  INFO SeleniumUtils.py click_element [ line:93 ] 点击元素<selenium.webdriver.remote.webelement.WebElement (session="fe6a2daf1cc611998bf86c1a13db8d44", element="1baaf3f0-4fb4-47b1-b0d0-ec60f6b81cfb")>成功！
2020-09-14 15:04:05  INFO _code_cache.py _create_comtypes_gen_package [ line:95 ] Imported existing <module 'comtypes.gen' from 'C:\\Users\\Administrator\\AppData\\Local\\Programs\\Python\\Python38\\lib\\site-packages\\comtypes\\gen\\__init__.py'>
2020-09-14 15:04:05  INFO _code_cache.py _find_gen_dir [ line:72 ] Using writeable comtypes cache directory: 'C:\Users\Administrator\AppData\Local\Programs\Python\Python38\lib\site-packages\comtypes\gen'
2020-09-14 15:04:16  INFO SeleniumUtils.py wait_eleVisible [ line:39 ] 等待元素('xpath', '//*[@id="uploadPhoneNumber"]')可见！
2020-09-14 15:04:16  INFO SeleniumUtils.py wait_eleVisible [ line:47 ] 等待元素成功！开始等待时间：2020-09-14 15:04:16.990949，结束等待时间：2020-09-14 15:04:16.990949，等待时长为：0:00:00！
2020-09-14 15:04:16  INFO SeleniumUtils.py get_element [ line:64 ] 查找发送个性短信_点击导入中的元素('xpath', '//*[@id="uploadPhoneNumber"]')
2020-09-14 15:04:16  INFO SeleniumUtils.py get_element [ line:67 ] 查找<selenium.webdriver.remote.webelement.WebElement (session="add08cf0568d452125fbfb79889a196f", element="56249c6a-a986-4cd3-8e33-9c250d84d793")>元素成功！
2020-09-14 15:04:16  INFO SeleniumUtils.py click_element [ line:90 ] 点击元素('xpath', '//*[@id="uploadPhoneNumber"]')！
2020-09-14 15:04:17  INFO SeleniumUtils.py click_element [ line:93 ] 点击元素<selenium.webdriver.remote.webelement.WebElement (session="add08cf0568d452125fbfb79889a196f", element="56249c6a-a986-4cd3-8e33-9c250d84d793")>成功！
2020-09-14 15:08:02  INFO _code_cache.py _create_comtypes_gen_package [ line:95 ] Imported existing <module 'comtypes.gen' from 'C:\\Users\\Administrator\\AppData\\Local\\Programs\\Python\\Python38\\lib\\site-packages\\comtypes\\gen\\__init__.py'>
2020-09-14 15:08:02  INFO _code_cache.py _find_gen_dir [ line:72 ] Using writeable comtypes cache directory: 'C:\Users\Administrator\AppData\Local\Programs\Python\Python38\lib\site-packages\comtypes\gen'
2020-09-14 15:08:14  INFO SeleniumUtils.py wait_eleVisible [ line:39 ] 等待元素('xpath', '//*[@id="uploadPhoneNumber"]')可见！
2020-09-14 15:08:14  INFO SeleniumUtils.py wait_eleVisible [ line:47 ] 等待元素成功！开始等待时间：2020-09-14 15:08:14.921347，结束等待时间：2020-09-14 15:08:14.921347，等待时长为：0:00:00！
2020-09-14 15:08:14  INFO SeleniumUtils.py get_element [ line:64 ] 查找发送个性短信_点击导入中的元素('xpath', '//*[@id="uploadPhoneNumber"]')
2020-09-14 15:08:14  INFO SeleniumUtils.py get_element [ line:67 ] 查找<selenium.webdriver.remote.webelement.WebElement (session="1f7976756245d5ae1c011ee11fdbf546", element="5cfa5902-43d0-4947-a571-821fc2819675")>元素成功！
2020-09-14 15:08:14  INFO SeleniumUtils.py click_element [ line:90 ] 点击元素('xpath', '//*[@id="uploadPhoneNumber"]')！
2020-09-14 15:08:14  INFO SeleniumUtils.py click_element [ line:93 ] 点击元素<selenium.webdriver.remote.webelement.WebElement (session="1f7976756245d5ae1c011ee11fdbf546", element="5cfa5902-43d0-4947-a571-821fc2819675")>成功！
2020-09-14 15:22:57  INFO _code_cache.py _create_comtypes_gen_package [ line:95 ] Imported existing <module 'comtypes.gen' from 'C:\\Users\\Administrator\\AppData\\Local\\Programs\\Python\\Python38\\lib\\site-packages\\comtypes\\gen\\__init__.py'>
2020-09-14 15:22:57  INFO _code_cache.py _find_gen_dir [ line:72 ] Using writeable comtypes cache directory: 'C:\Users\Administrator\AppData\Local\Programs\Python\Python38\lib\site-packages\comtypes\gen'
2020-09-14 15:23:12  INFO SeleniumUtils.py wait_eleVisible [ line:39 ] 等待元素('xpath', '//*[@id="uploadPhoneNumber"]')可见！
2020-09-14 15:23:12  INFO SeleniumUtils.py wait_eleVisible [ line:47 ] 等待元素成功！开始等待时间：2020-09-14 15:23:12.803159，结束等待时间：2020-09-14 15:23:12.803159，等待时长为：0:00:00！
2020-09-14 15:23:12  INFO SeleniumUtils.py get_element [ line:64 ] 查找发送个性短信_点击导入中的元素('xpath', '//*[@id="uploadPhoneNumber"]')
2020-09-14 15:23:12  INFO SeleniumUtils.py get_element [ line:67 ] 查找<selenium.webdriver.remote.webelement.WebElement (session="fa43df6a3d57146c4dad429a540e2722", element="dbace40d-e8a0-4a27-9f5e-e93567f87d89")>元素成功！
2020-09-14 15:23:12  INFO SeleniumUtils.py click_element [ line:90 ] 点击元素('xpath', '//*[@id="uploadPhoneNumber"]')！
2020-09-14 15:23:12  INFO SeleniumUtils.py click_element [ line:93 ] 点击元素<selenium.webdriver.remote.webelement.WebElement (session="fa43df6a3d57146c4dad429a540e2722", element="dbace40d-e8a0-4a27-9f5e-e93567f87d89")>成功！
2020-09-14 15:29:21  INFO _code_cache.py _create_comtypes_gen_package [ line:95 ] Imported existing <module 'comtypes.gen' from 'C:\\Users\\Administrator\\AppData\\Local\\Programs\\Python\\Python38\\lib\\site-packages\\comtypes\\gen\\__init__.py'>
2020-09-14 15:29:21  INFO _code_cache.py _find_gen_dir [ line:72 ] Using writeable comtypes cache directory: 'C:\Users\Administrator\AppData\Local\Programs\Python\Python38\lib\site-packages\comtypes\gen'
2020-09-14 15:29:33  INFO SeleniumUtils.py wait_eleVisible [ line:39 ] 等待元素('xpath', '//*[@id="uploadPhoneNumber"]')可见！
2020-09-14 15:29:33  INFO SeleniumUtils.py wait_eleVisible [ line:47 ] 等待元素成功！开始等待时间：2020-09-14 15:29:33.226957，结束等待时间：2020-09-14 15:29:33.227955，等待时长为：0:00:00.000998！
2020-09-14 15:29:33  INFO SeleniumUtils.py get_element [ line:64 ] 查找发送个性短信_点击导入中的元素('xpath', '//*[@id="uploadPhoneNumber"]')
2020-09-14 15:29:33  INFO SeleniumUtils.py get_element [ line:67 ] 查找<selenium.webdriver.remote.webelement.WebElement (session="41dab5950001a5e0cc6c168bb2440596", element="a41cee51-340f-4b69-9e2a-c0f363353710")>元素成功！
2020-09-14 15:29:33  INFO SeleniumUtils.py click_element [ line:90 ] 点击元素('xpath', '//*[@id="uploadPhoneNumber"]')！
2020-09-14 15:29:33  INFO SeleniumUtils.py click_element [ line:93 ] 点击元素<selenium.webdriver.remote.webelement.WebElement (session="41dab5950001a5e0cc6c168bb2440596", element="a41cee51-340f-4b69-9e2a-c0f363353710")>成功！
2020-09-14 16:47:22  INFO _code_cache.py _create_comtypes_gen_package [ line:95 ] Imported existing <module 'comtypes.gen' from 'C:\\Users\\Administrator\\AppData\\Local\\Programs\\Python\\Python38\\lib\\site-packages\\comtypes\\gen\\__init__.py'>
2020-09-14 16:47:22  INFO _code_cache.py _find_gen_dir [ line:72 ] Using writeable comtypes cache directory: 'C:\Users\Administrator\AppData\Local\Programs\Python\Python38\lib\site-packages\comtypes\gen'
2020-09-14 16:47:34  INFO SeleniumUtils.py wait_eleVisible [ line:39 ] 等待元素('xpath', '//*[@id="uploadPhoneNumber"]')可见！
2020-09-14 16:47:34  INFO SeleniumUtils.py wait_eleVisible [ line:47 ] 等待元素成功！开始等待时间：2020-09-14 16:47:34.249066，结束等待时间：2020-09-14 16:47:34.249066，等待时长为：0:00:00！
2020-09-14 16:47:34  INFO SeleniumUtils.py get_element [ line:64 ] 查找发送个性短信_点击导入中的元素('xpath', '//*[@id="uploadPhoneNumber"]')
2020-09-14 16:47:34  INFO SeleniumUtils.py get_element [ line:67 ] 查找<selenium.webdriver.remote.webelement.WebElement (session="d005c3a3aa0b2011ab6a9faa8f39a307", element="272f62bf-7e5f-4122-a807-727bc0099f0a")>元素成功！
2020-09-14 16:47:34  INFO SeleniumUtils.py click_element [ line:90 ] 点击元素('xpath', '//*[@id="uploadPhoneNumber"]')！
2020-09-14 16:47:34  INFO SeleniumUtils.py click_element [ line:93 ] 点击元素<selenium.webdriver.remote.webelement.WebElement (session="d005c3a3aa0b2011ab6a9faa8f39a307", element="272f62bf-7e5f-4122-a807-727bc0099f0a")>成功！
2020-09-14 16:48:29  INFO _code_cache.py _create_comtypes_gen_package [ line:95 ] Imported existing <module 'comtypes.gen' from 'C:\\Users\\Administrator\\AppData\\Local\\Programs\\Python\\Python38\\lib\\site-packages\\comtypes\\gen\\__init__.py'>
2020-09-14 16:48:29  INFO _code_cache.py _find_gen_dir [ line:72 ] Using writeable comtypes cache directory: 'C:\Users\Administrator\AppData\Local\Programs\Python\Python38\lib\site-packages\comtypes\gen'
2020-09-14 16:48:45  INFO SeleniumUtils.py wait_eleVisible [ line:39 ] 等待元素('xpath', '//*[@id="uploadPhoneNumber"]')可见！
2020-09-14 16:48:45  INFO SeleniumUtils.py wait_eleVisible [ line:47 ] 等待元素成功！开始等待时间：2020-09-14 16:48:45.965492，结束等待时间：2020-09-14 16:48:45.965492，等待时长为：0:00:00！
2020-09-14 16:48:45  INFO SeleniumUtils.py get_element [ line:64 ] 查找发送个性短信_点击导入中的元素('xpath', '//*[@id="uploadPhoneNumber"]')
2020-09-14 16:48:45  INFO SeleniumUtils.py get_element [ line:67 ] 查找<selenium.webdriver.remote.webelement.WebElement (session="8399a404f95bd332d6f01299685ea6ee", element="80462d8d-6f53-4007-9524-2e59c92008bd")>元素成功！
2020-09-14 16:48:45  INFO SeleniumUtils.py click_element [ line:90 ] 点击元素('xpath', '//*[@id="uploadPhoneNumber"]')！
2020-09-14 16:48:46  INFO SeleniumUtils.py click_element [ line:93 ] 点击元素<selenium.webdriver.remote.webelement.WebElement (session="8399a404f95bd332d6f01299685ea6ee", element="80462d8d-6f53-4007-9524-2e59c92008bd")>成功！
2020-09-14 16:52:57  INFO _code_cache.py _create_comtypes_gen_package [ line:95 ] Imported existing <module 'comtypes.gen' from 'C:\\Users\\Administrator\\AppData\\Local\\Programs\\Python\\Python38\\lib\\site-packages\\comtypes\\gen\\__init__.py'>
2020-09-14 16:52:57  INFO _code_cache.py _find_gen_dir [ line:72 ] Using writeable comtypes cache directory: 'C:\Users\Administrator\AppData\Local\Programs\Python\Python38\lib\site-packages\comtypes\gen'
2020-09-14 16:53:11  INFO SeleniumUtils.py wait_eleVisible [ line:39 ] 等待元素('xpath', '//*[@id="uploadPhoneNumber"]')可见！
2020-09-14 16:53:11  INFO SeleniumUtils.py wait_eleVisible [ line:47 ] 等待元素成功！开始等待时间：2020-09-14 16:53:11.655620，结束等待时间：2020-09-14 16:53:11.655620，等待时长为：0:00:00！
2020-09-14 16:53:11  INFO SeleniumUtils.py get_element [ line:64 ] 查找发送个性短信_点击导入中的元素('xpath', '//*[@id="uploadPhoneNumber"]')
2020-09-14 16:53:11  INFO SeleniumUtils.py get_element [ line:67 ] 查找<selenium.webdriver.remote.webelement.WebElement (session="73d2ecd28f401984360dab8d2379accf", element="22658af4-0545-4cd9-b752-f64ad238391d")>元素成功！
2020-09-14 16:53:11  INFO SeleniumUtils.py click_element [ line:90 ] 点击元素('xpath', '//*[@id="uploadPhoneNumber"]')！
2020-09-14 16:53:11  INFO SeleniumUtils.py click_element [ line:93 ] 点击元素<selenium.webdriver.remote.webelement.WebElement (session="73d2ecd28f401984360dab8d2379accf", element="22658af4-0545-4cd9-b752-f64ad238391d")>成功！
2020-09-14 16:54:06  INFO _code_cache.py _create_comtypes_gen_package [ line:95 ] Imported existing <module 'comtypes.gen' from 'C:\\Users\\Administrator\\AppData\\Local\\Programs\\Python\\Python38\\lib\\site-packages\\comtypes\\gen\\__init__.py'>
2020-09-14 16:54:06  INFO _code_cache.py _find_gen_dir [ line:72 ] Using writeable comtypes cache directory: 'C:\Users\Administrator\AppData\Local\Programs\Python\Python38\lib\site-packages\comtypes\gen'
2020-09-14 16:54:17  INFO SeleniumUtils.py wait_eleVisible [ line:39 ] 等待元素('xpath', '//*[@id="uploadPhoneNumber"]')可见！
2020-09-14 16:54:17  INFO SeleniumUtils.py wait_eleVisible [ line:47 ] 等待元素成功！开始等待时间：2020-09-14 16:54:17.750386，结束等待时间：2020-09-14 16:54:17.750386，等待时长为：0:00:00！
2020-09-14 16:54:17  INFO SeleniumUtils.py get_element [ line:64 ] 查找发送个性短信_点击导入中的元素('xpath', '//*[@id="uploadPhoneNumber"]')
2020-09-14 16:54:17  INFO SeleniumUtils.py get_element [ line:67 ] 查找<selenium.webdriver.remote.webelement.WebElement (session="0b46c47c1e21713420e85ab7f19dde8b", element="608e7858-004f-4cb7-b0a1-3f6feabf7857")>元素成功！
2020-09-14 16:54:17  INFO SeleniumUtils.py click_element [ line:90 ] 点击元素('xpath', '//*[@id="uploadPhoneNumber"]')！
2020-09-14 16:54:17  INFO SeleniumUtils.py click_element [ line:93 ] 点击元素<selenium.webdriver.remote.webelement.WebElement (session="0b46c47c1e21713420e85ab7f19dde8b", element="608e7858-004f-4cb7-b0a1-3f6feabf7857")>成功！
2020-09-14 16:56:47  INFO _code_cache.py _create_comtypes_gen_package [ line:95 ] Imported existing <module 'comtypes.gen' from 'C:\\Users\\Administrator\\AppData\\Local\\Programs\\Python\\Python38\\lib\\site-packages\\comtypes\\gen\\__init__.py'>
2020-09-14 16:56:47  INFO _code_cache.py _find_gen_dir [ line:72 ] Using writeable comtypes cache directory: 'C:\Users\Administrator\AppData\Local\Programs\Python\Python38\lib\site-packages\comtypes\gen'
2020-09-14 16:56:59  INFO SeleniumUtils.py wait_eleVisible [ line:39 ] 等待元素('xpath', '//*[@id="uploadPhoneNumber"]')可见！
2020-09-14 16:56:59  INFO SeleniumUtils.py wait_eleVisible [ line:47 ] 等待元素成功！开始等待时间：2020-09-14 16:56:59.393800，结束等待时间：2020-09-14 16:56:59.393800，等待时长为：0:00:00！
2020-09-14 16:56:59  INFO SeleniumUtils.py get_element [ line:64 ] 查找发送个性短信_点击导入中的元素('xpath', '//*[@id="uploadPhoneNumber"]')
2020-09-14 16:56:59  INFO SeleniumUtils.py get_element [ line:67 ] 查找<selenium.webdriver.remote.webelement.WebElement (session="6cb6d01d6e84a910ace6553c42cdcfe3", element="7b8d075d-5190-44ae-8fe4-c1b8778afe81")>元素成功！
2020-09-14 16:56:59  INFO SeleniumUtils.py click_element [ line:90 ] 点击元素('xpath', '//*[@id="uploadPhoneNumber"]')！
2020-09-14 16:56:59  INFO SeleniumUtils.py click_element [ line:93 ] 点击元素<selenium.webdriver.remote.webelement.WebElement (session="6cb6d01d6e84a910ace6553c42cdcfe3", element="7b8d075d-5190-44ae-8fe4-c1b8778afe81")>成功！
2020-09-14 16:58:10  INFO _code_cache.py _create_comtypes_gen_package [ line:95 ] Imported existing <module 'comtypes.gen' from 'C:\\Users\\Administrator\\AppData\\Local\\Programs\\Python\\Python38\\lib\\site-packages\\comtypes\\gen\\__init__.py'>
2020-09-14 16:58:10  INFO _code_cache.py _find_gen_dir [ line:72 ] Using writeable comtypes cache directory: 'C:\Users\Administrator\AppData\Local\Programs\Python\Python38\lib\site-packages\comtypes\gen'
2020-09-14 16:58:21  INFO SeleniumUtils.py wait_eleVisible [ line:39 ] 等待元素('xpath', '//*[@id="uploadPhoneNumber"]')可见！
2020-09-14 16:58:21  INFO SeleniumUtils.py wait_eleVisible [ line:47 ] 等待元素成功！开始等待时间：2020-09-14 16:58:21.785804，结束等待时间：2020-09-14 16:58:21.785804，等待时长为：0:00:00！
2020-09-14 16:58:21  INFO SeleniumUtils.py get_element [ line:64 ] 查找发送个性短信_点击导入中的元素('xpath', '//*[@id="uploadPhoneNumber"]')
2020-09-14 16:58:21  INFO SeleniumUtils.py get_element [ line:67 ] 查找<selenium.webdriver.remote.webelement.WebElement (session="462fbb10a691ceca2c76323adee74726", element="0c48539c-43d5-4e54-9763-5c2caf69bfb7")>元素成功！
2020-09-14 16:58:21  INFO SeleniumUtils.py click_element [ line:90 ] 点击元素('xpath', '//*[@id="uploadPhoneNumber"]')！
2020-09-14 16:58:21  INFO SeleniumUtils.py click_element [ line:93 ] 点击元素<selenium.webdriver.remote.webelement.WebElement (session="462fbb10a691ceca2c76323adee74726", element="0c48539c-43d5-4e54-9763-5c2caf69bfb7")>成功！
2020-09-14 16:58:55  INFO _code_cache.py _create_comtypes_gen_package [ line:95 ] Imported existing <module 'comtypes.gen' from 'C:\\Users\\Administrator\\AppData\\Local\\Programs\\Python\\Python38\\lib\\site-packages\\comtypes\\gen\\__init__.py'>
2020-09-14 16:58:55  INFO _code_cache.py _find_gen_dir [ line:72 ] Using writeable comtypes cache directory: 'C:\Users\Administrator\AppData\Local\Programs\Python\Python38\lib\site-packages\comtypes\gen'
2020-09-14 16:59:10  INFO SeleniumUtils.py wait_eleVisible [ line:39 ] 等待元素('xpath', '//*[@id="uploadPhoneNumber"]')可见！
2020-09-14 16:59:10  INFO SeleniumUtils.py wait_eleVisible [ line:47 ] 等待元素成功！开始等待时间：2020-09-14 16:59:10.118581，结束等待时间：2020-09-14 16:59:10.118581，等待时长为：0:00:00！
2020-09-14 16:59:10  INFO SeleniumUtils.py get_element [ line:64 ] 查找发送个性短信_点击导入中的元素('xpath', '//*[@id="uploadPhoneNumber"]')
2020-09-14 16:59:10  INFO SeleniumUtils.py get_element [ line:67 ] 查找<selenium.webdriver.remote.webelement.WebElement (session="28dfc3f6650b49148d556c6307010e0d", element="104a139d-cfcc-4d1e-ae8a-53fbb7e6df1d")>元素成功！
2020-09-14 16:59:10  INFO SeleniumUtils.py click_element [ line:90 ] 点击元素('xpath', '//*[@id="uploadPhoneNumber"]')！
2020-09-14 16:59:10  INFO SeleniumUtils.py click_element [ line:93 ] 点击元素<selenium.webdriver.remote.webelement.WebElement (session="28dfc3f6650b49148d556c6307010e0d", element="104a139d-cfcc-4d1e-ae8a-53fbb7e6df1d")>成功！
2020-09-14 17:00:07  INFO _code_cache.py _create_comtypes_gen_package [ line:95 ] Imported existing <module 'comtypes.gen' from 'C:\\Users\\Administrator\\AppData\\Local\\Programs\\Python\\Python38\\lib\\site-packages\\comtypes\\gen\\__init__.py'>
2020-09-14 17:00:07  INFO _code_cache.py _find_gen_dir [ line:72 ] Using writeable comtypes cache directory: 'C:\Users\Administrator\AppData\Local\Programs\Python\Python38\lib\site-packages\comtypes\gen'
2020-09-14 17:00:28  INFO SeleniumUtils.py wait_eleVisible [ line:39 ] 等待元素('xpath', '//*[@id="uploadPhoneNumber"]')可见！
2020-09-14 17:00:28  INFO SeleniumUtils.py wait_eleVisible [ line:47 ] 等待元素成功！开始等待时间：2020-09-14 17:00:28.131020，结束等待时间：2020-09-14 17:00:28.131020，等待时长为：0:00:00！
2020-09-14 17:00:28  INFO SeleniumUtils.py get_element [ line:64 ] 查找发送个性短信_点击导入中的元素('xpath', '//*[@id="uploadPhoneNumber"]')
2020-09-14 17:00:28  INFO SeleniumUtils.py get_element [ line:67 ] 查找<selenium.webdriver.remote.webelement.WebElement (session="9b335f47e743abd67a0d290f209edd12", element="002fe320-22e4-4239-95b0-7c69bd7dc001")>元素成功！
2020-09-14 17:00:28  INFO SeleniumUtils.py click_element [ line:90 ] 点击元素('xpath', '//*[@id="uploadPhoneNumber"]')！
2020-09-14 17:00:28  INFO SeleniumUtils.py click_element [ line:93 ] 点击元素<selenium.webdriver.remote.webelement.WebElement (session="9b335f47e743abd67a0d290f209edd12", element="002fe320-22e4-4239-95b0-7c69bd7dc001")>成功！
2020-09-14 17:01:09  INFO _code_cache.py _create_comtypes_gen_package [ line:95 ] Imported existing <module 'comtypes.gen' from 'C:\\Users\\Administrator\\AppData\\Local\\Programs\\Python\\Python38\\lib\\site-packages\\comtypes\\gen\\__init__.py'>
2020-09-14 17:01:09  INFO _code_cache.py _find_gen_dir [ line:72 ] Using writeable comtypes cache directory: 'C:\Users\Administrator\AppData\Local\Programs\Python\Python38\lib\site-packages\comtypes\gen'
2020-09-14 17:01:21  INFO SeleniumUtils.py wait_eleVisible [ line:39 ] 等待元素('xpath', '//*[@id="uploadPhoneNumber"]')可见！
2020-09-14 17:01:21  INFO SeleniumUtils.py wait_eleVisible [ line:47 ] 等待元素成功！开始等待时间：2020-09-14 17:01:21.672520，结束等待时间：2020-09-14 17:01:21.672520，等待时长为：0:00:00！
2020-09-14 17:01:21  INFO SeleniumUtils.py get_element [ line:64 ] 查找发送个性短信_点击导入中的元素('xpath', '//*[@id="uploadPhoneNumber"]')
2020-09-14 17:01:21  INFO SeleniumUtils.py get_element [ line:67 ] 查找<selenium.webdriver.remote.webelement.WebElement (session="6858be982c945080eabaf5b9fe5cc173", element="aa23523d-7ce9-4d0d-be40-bc81bcfbb239")>元素成功！
2020-09-14 17:01:21  INFO SeleniumUtils.py click_element [ line:90 ] 点击元素('xpath', '//*[@id="uploadPhoneNumber"]')！
2020-09-14 17:01:21  INFO SeleniumUtils.py click_element [ line:93 ] 点击元素<selenium.webdriver.remote.webelement.WebElement (session="6858be982c945080eabaf5b9fe5cc173", element="aa23523d-7ce9-4d0d-be40-bc81bcfbb239")>成功！
2020-09-14 17:02:50  INFO _code_cache.py _create_comtypes_gen_package [ line:95 ] Imported existing <module 'comtypes.gen' from 'C:\\Users\\Administrator\\AppData\\Local\\Programs\\Python\\Python38\\lib\\site-packages\\comtypes\\gen\\__init__.py'>
2020-09-14 17:02:50  INFO _code_cache.py _find_gen_dir [ line:72 ] Using writeable comtypes cache directory: 'C:\Users\Administrator\AppData\Local\Programs\Python\Python38\lib\site-packages\comtypes\gen'
2020-09-14 17:03:02  INFO SeleniumUtils.py wait_eleVisible [ line:39 ] 等待元素('xpath', '//*[@id="uploadPhoneNumber"]')可见！
2020-09-14 17:03:02  INFO SeleniumUtils.py wait_eleVisible [ line:47 ] 等待元素成功！开始等待时间：2020-09-14 17:03:02.523683，结束等待时间：2020-09-14 17:03:02.523683，等待时长为：0:00:00！
2020-09-14 17:03:02  INFO SeleniumUtils.py get_element [ line:64 ] 查找发送个性短信_点击导入中的元素('xpath', '//*[@id="uploadPhoneNumber"]')
2020-09-14 17:03:02  INFO SeleniumUtils.py get_element [ line:67 ] 查找<selenium.webdriver.remote.webelement.WebElement (session="ae0defdbb5468dae693bb7e71d300f50", element="0131eaa5-27b2-492b-8cad-bc22754386ed")>元素成功！
2020-09-14 17:03:02  INFO SeleniumUtils.py click_element [ line:90 ] 点击元素('xpath', '//*[@id="uploadPhoneNumber"]')！
2020-09-14 17:03:02  INFO SeleniumUtils.py click_element [ line:93 ] 点击元素<selenium.webdriver.remote.webelement.WebElement (session="ae0defdbb5468dae693bb7e71d300f50", element="0131eaa5-27b2-492b-8cad-bc22754386ed")>成功！
2020-09-14 17:04:12  INFO _code_cache.py _create_comtypes_gen_package [ line:95 ] Imported existing <module 'comtypes.gen' from 'C:\\Users\\Administrator\\AppData\\Local\\Programs\\Python\\Python38\\lib\\site-packages\\comtypes\\gen\\__init__.py'>
2020-09-14 17:04:12  INFO _code_cache.py _find_gen_dir [ line:72 ] Using writeable comtypes cache directory: 'C:\Users\Administrator\AppData\Local\Programs\Python\Python38\lib\site-packages\comtypes\gen'
2020-09-14 17:04:29  INFO SeleniumUtils.py wait_eleVisible [ line:39 ] 等待元素('xpath', '//*[@id="uploadPhoneNumber"]')可见！
2020-09-14 17:04:29  INFO SeleniumUtils.py wait_eleVisible [ line:47 ] 等待元素成功！开始等待时间：2020-09-14 17:04:29.166132，结束等待时间：2020-09-14 17:04:29.166132，等待时长为：0:00:00！
2020-09-14 17:04:29  INFO SeleniumUtils.py get_element [ line:64 ] 查找发送个性短信_点击导入中的元素('xpath', '//*[@id="uploadPhoneNumber"]')
2020-09-14 17:04:29  INFO SeleniumUtils.py get_element [ line:67 ] 查找<selenium.webdriver.remote.webelement.WebElement (session="53afe0ed681d162ca3695235861c6202", element="51a7fb52-bade-4208-a50e-f6f524926c8f")>元素成功！
2020-09-14 17:04:29  INFO SeleniumUtils.py click_element [ line:90 ] 点击元素('xpath', '//*[@id="uploadPhoneNumber"]')！
2020-09-14 17:04:29  INFO SeleniumUtils.py click_element [ line:93 ] 点击元素<selenium.webdriver.remote.webelement.WebElement (session="53afe0ed681d162ca3695235861c6202", element="51a7fb52-bade-4208-a50e-f6f524926c8f")>成功！
2020-09-14 17:08:44  INFO _code_cache.py _create_comtypes_gen_package [ line:95 ] Imported existing <module 'comtypes.gen' from 'C:\\Users\\Administrator\\AppData\\Local\\Programs\\Python\\Python38\\lib\\site-packages\\comtypes\\gen\\__init__.py'>
2020-09-14 17:08:44  INFO _code_cache.py _find_gen_dir [ line:72 ] Using writeable comtypes cache directory: 'C:\Users\Administrator\AppData\Local\Programs\Python\Python38\lib\site-packages\comtypes\gen'
2020-09-14 17:08:56  INFO SeleniumUtils.py wait_eleVisible [ line:39 ] 等待元素('xpath', '//*[@id="uploadPhoneNumber"]')可见！
2020-09-14 17:08:56  INFO SeleniumUtils.py wait_eleVisible [ line:47 ] 等待元素成功！开始等待时间：2020-09-14 17:08:56.262849，结束等待时间：2020-09-14 17:08:56.262849，等待时长为：0:00:00！
2020-09-14 17:08:56  INFO SeleniumUtils.py get_element [ line:64 ] 查找发送个性短信_点击导入中的元素('xpath', '//*[@id="uploadPhoneNumber"]')
2020-09-14 17:08:56  INFO SeleniumUtils.py get_element [ line:67 ] 查找<selenium.webdriver.remote.webelement.WebElement (session="878b6456bf59fc038acf6fa09cb2c54b", element="f40a96b0-b19d-441a-8de6-f59489b4a926")>元素成功！
2020-09-14 17:08:56  INFO SeleniumUtils.py click_element [ line:90 ] 点击元素('xpath', '//*[@id="uploadPhoneNumber"]')！
2020-09-14 17:08:56  INFO SeleniumUtils.py click_element [ line:93 ] 点击元素<selenium.webdriver.remote.webelement.WebElement (session="878b6456bf59fc038acf6fa09cb2c54b", element="f40a96b0-b19d-441a-8de6-f59489b4a926")>成功！
2020-09-14 17:09:46  INFO _code_cache.py _create_comtypes_gen_package [ line:95 ] Imported existing <module 'comtypes.gen' from 'C:\\Users\\Administrator\\AppData\\Local\\Programs\\Python\\Python38\\lib\\site-packages\\comtypes\\gen\\__init__.py'>
2020-09-14 17:09:46  INFO _code_cache.py _find_gen_dir [ line:72 ] Using writeable comtypes cache directory: 'C:\Users\Administrator\AppData\Local\Programs\Python\Python38\lib\site-packages\comtypes\gen'
2020-09-14 17:09:58  INFO SeleniumUtils.py wait_eleVisible [ line:39 ] 等待元素('xpath', '//*[@id="uploadPhoneNumber"]')可见！
2020-09-14 17:09:58  INFO SeleniumUtils.py wait_eleVisible [ line:47 ] 等待元素成功！开始等待时间：2020-09-14 17:09:58.604607，结束等待时间：2020-09-14 17:09:58.604607，等待时长为：0:00:00！
2020-09-14 17:09:58  INFO SeleniumUtils.py get_element [ line:64 ] 查找发送个性短信_点击导入中的元素('xpath', '//*[@id="uploadPhoneNumber"]')
2020-09-14 17:09:58  INFO SeleniumUtils.py get_element [ line:67 ] 查找<selenium.webdriver.remote.webelement.WebElement (session="7dc4b59ae1358bd7731ce30b8bf919e0", element="288fa8db-b5ac-4ab6-8801-1b7b08ec18bc")>元素成功！
2020-09-14 17:09:58  INFO SeleniumUtils.py click_element [ line:90 ] 点击元素('xpath', '//*[@id="uploadPhoneNumber"]')！
2020-09-14 17:09:58  INFO SeleniumUtils.py click_element [ line:93 ] 点击元素<selenium.webdriver.remote.webelement.WebElement (session="7dc4b59ae1358bd7731ce30b8bf919e0", element="288fa8db-b5ac-4ab6-8801-1b7b08ec18bc")>成功！
2020-09-14 17:12:39  INFO _code_cache.py _create_comtypes_gen_package [ line:95 ] Imported existing <module 'comtypes.gen' from 'C:\\Users\\Administrator\\AppData\\Local\\Programs\\Python\\Python38\\lib\\site-packages\\comtypes\\gen\\__init__.py'>
2020-09-14 17:12:39  INFO _code_cache.py _find_gen_dir [ line:72 ] Using writeable comtypes cache directory: 'C:\Users\Administrator\AppData\Local\Programs\Python\Python38\lib\site-packages\comtypes\gen'
2020-09-14 17:12:54  INFO SeleniumUtils.py wait_eleVisible [ line:39 ] 等待元素('xpath', '//*[@id="uploadPhoneNumber"]')可见！
2020-09-14 17:12:54  INFO SeleniumUtils.py wait_eleVisible [ line:47 ] 等待元素成功！开始等待时间：2020-09-14 17:12:54.032613，结束等待时间：2020-09-14 17:12:54.032613，等待时长为：0:00:00！
2020-09-14 17:12:54  INFO SeleniumUtils.py get_element [ line:64 ] 查找发送个性短信_点击导入中的元素('xpath', '//*[@id="uploadPhoneNumber"]')
2020-09-14 17:12:54  INFO SeleniumUtils.py get_element [ line:67 ] 查找<selenium.webdriver.remote.webelement.WebElement (session="f8a30bcf9344293d865d64e2aa3eb2f9", element="ea41e8ec-3502-4663-a096-77fd1c2c1704")>元素成功！
2020-09-14 17:12:54  INFO SeleniumUtils.py click_element [ line:90 ] 点击元素('xpath', '//*[@id="uploadPhoneNumber"]')！
2020-09-14 17:12:54  INFO SeleniumUtils.py click_element [ line:93 ] 点击元素<selenium.webdriver.remote.webelement.WebElement (session="f8a30bcf9344293d865d64e2aa3eb2f9", element="ea41e8ec-3502-4663-a096-77fd1c2c1704")>成功！
2020-09-14 17:14:46  INFO _code_cache.py _create_comtypes_gen_package [ line:95 ] Imported existing <module 'comtypes.gen' from 'C:\\Users\\Administrator\\AppData\\Local\\Programs\\Python\\Python38\\lib\\site-packages\\comtypes\\gen\\__init__.py'>
2020-09-14 17:14:46  INFO _code_cache.py _find_gen_dir [ line:72 ] Using writeable comtypes cache directory: 'C:\Users\Administrator\AppData\Local\Programs\Python\Python38\lib\site-packages\comtypes\gen'
2020-09-14 17:15:00  INFO SeleniumUtils.py wait_eleVisible [ line:39 ] 等待元素('xpath', '//*[@id="uploadPhoneNumber"]')可见！
2020-09-14 17:15:00  INFO SeleniumUtils.py wait_eleVisible [ line:47 ] 等待元素成功！开始等待时间：2020-09-14 17:15:00.276779，结束等待时间：2020-09-14 17:15:00.276779，等待时长为：0:00:00！
2020-09-14 17:15:00  INFO SeleniumUtils.py get_element [ line:64 ] 查找发送个性短信_点击导入中的元素('xpath', '//*[@id="uploadPhoneNumber"]')
2020-09-14 17:15:00  INFO SeleniumUtils.py get_element [ line:67 ] 查找<selenium.webdriver.remote.webelement.WebElement (session="b73bbfd723a63043fe6afcf1232b25ae", element="7c68b257-30d4-478a-970a-3f43a2a3ec97")>元素成功！
2020-09-14 17:15:00  INFO SeleniumUtils.py click_element [ line:90 ] 点击元素('xpath', '//*[@id="uploadPhoneNumber"]')！
2020-09-14 17:15:00  INFO SeleniumUtils.py click_element [ line:93 ] 点击元素<selenium.webdriver.remote.webelement.WebElement (session="b73bbfd723a63043fe6afcf1232b25ae", element="7c68b257-30d4-478a-970a-3f43a2a3ec97")>成功！
2020-09-14 17:20:37  INFO _code_cache.py _create_comtypes_gen_package [ line:95 ] Imported existing <module 'comtypes.gen' from 'C:\\Users\\Administrator\\AppData\\Local\\Programs\\Python\\Python38\\lib\\site-packages\\comtypes\\gen\\__init__.py'>
2020-09-14 17:20:37  INFO _code_cache.py _find_gen_dir [ line:72 ] Using writeable comtypes cache directory: 'C:\Users\Administrator\AppData\Local\Programs\Python\Python38\lib\site-packages\comtypes\gen'
2020-09-14 17:20:50  INFO SeleniumUtils.py wait_eleVisible [ line:39 ] 等待元素('xpath', '//*[@id="uploadPhoneNumber"]')可见！
2020-09-14 17:20:50  INFO SeleniumUtils.py wait_eleVisible [ line:47 ] 等待元素成功！开始等待时间：2020-09-14 17:20:50.854738，结束等待时间：2020-09-14 17:20:50.854738，等待时长为：0:00:00！
2020-09-14 17:20:50  INFO SeleniumUtils.py get_element [ line:64 ] 查找发送个性短信_点击导入中的元素('xpath', '//*[@id="uploadPhoneNumber"]')
2020-09-14 17:20:50  INFO SeleniumUtils.py get_element [ line:67 ] 查找<selenium.webdriver.remote.webelement.WebElement (session="c459ecd71dba58e74e64a311626719e7", element="1a656e07-6f65-47a9-838c-feb4fc4fc3b0")>元素成功！
2020-09-14 17:20:50  INFO SeleniumUtils.py click_element [ line:90 ] 点击元素('xpath', '//*[@id="uploadPhoneNumber"]')！
2020-09-14 17:20:50  INFO SeleniumUtils.py click_element [ line:93 ] 点击元素<selenium.webdriver.remote.webelement.WebElement (session="c459ecd71dba58e74e64a311626719e7", element="1a656e07-6f65-47a9-838c-feb4fc4fc3b0")>成功！
2020-09-14 17:21:53  INFO _code_cache.py _create_comtypes_gen_package [ line:95 ] Imported existing <module 'comtypes.gen' from 'C:\\Users\\Administrator\\AppData\\Local\\Programs\\Python\\Python38\\lib\\site-packages\\comtypes\\gen\\__init__.py'>
2020-09-14 17:21:53  INFO _code_cache.py _find_gen_dir [ line:72 ] Using writeable comtypes cache directory: 'C:\Users\Administrator\AppData\Local\Programs\Python\Python38\lib\site-packages\comtypes\gen'
2020-09-14 17:22:06  INFO SeleniumUtils.py wait_eleVisible [ line:39 ] 等待元素('xpath', '//*[@id="uploadPhoneNumber"]')可见！
2020-09-14 17:22:06  INFO SeleniumUtils.py wait_eleVisible [ line:47 ] 等待元素成功！开始等待时间：2020-09-14 17:22:06.709879，结束等待时间：2020-09-14 17:22:06.709879，等待时长为：0:00:00！
2020-09-14 17:22:06  INFO SeleniumUtils.py get_element [ line:64 ] 查找发送个性短信_点击导入中的元素('xpath', '//*[@id="uploadPhoneNumber"]')
2020-09-14 17:22:06  INFO SeleniumUtils.py get_element [ line:67 ] 查找<selenium.webdriver.remote.webelement.WebElement (session="810b85a64b07ad8c6ce75743d1554bed", element="e2c754a8-c8f9-40cf-a561-f426a0b2c5d0")>元素成功！
2020-09-14 17:22:06  INFO SeleniumUtils.py click_element [ line:90 ] 点击元素('xpath', '//*[@id="uploadPhoneNumber"]')！
2020-09-14 17:22:06  INFO SeleniumUtils.py click_element [ line:93 ] 点击元素<selenium.webdriver.remote.webelement.WebElement (session="810b85a64b07ad8c6ce75743d1554bed", element="e2c754a8-c8f9-40cf-a561-f426a0b2c5d0")>成功！
2020-09-14 17:27:41  INFO _code_cache.py _create_comtypes_gen_package [ line:95 ] Imported existing <module 'comtypes.gen' from 'C:\\Users\\Administrator\\AppData\\Local\\Programs\\Python\\Python38\\lib\\site-packages\\comtypes\\gen\\__init__.py'>
2020-09-14 17:27:41  INFO _code_cache.py _find_gen_dir [ line:72 ] Using writeable comtypes cache directory: 'C:\Users\Administrator\AppData\Local\Programs\Python\Python38\lib\site-packages\comtypes\gen'
2020-09-14 17:27:53  INFO SeleniumUtils.py wait_eleVisible [ line:39 ] 等待元素('xpath', '//*[@id="uploadPhoneNumber"]')可见！
2020-09-14 17:27:53  INFO SeleniumUtils.py wait_eleVisible [ line:47 ] 等待元素成功！开始等待时间：2020-09-14 17:27:53.526417，结束等待时间：2020-09-14 17:27:53.526417，等待时长为：0:00:00！
2020-09-14 17:27:53  INFO SeleniumUtils.py get_element [ line:64 ] 查找发送个性短信_点击导入中的元素('xpath', '//*[@id="uploadPhoneNumber"]')
2020-09-14 17:27:53  INFO SeleniumUtils.py get_element [ line:67 ] 查找<selenium.webdriver.remote.webelement.WebElement (session="4e9c1551e2111df06c68871f3d563289", element="cdfa42a0-e345-4a14-ac17-a956800d56fe")>元素成功！
2020-09-14 17:27:53  INFO SeleniumUtils.py click_element [ line:90 ] 点击元素('xpath', '//*[@id="uploadPhoneNumber"]')！
2020-09-14 17:27:53  INFO SeleniumUtils.py click_element [ line:93 ] 点击元素<selenium.webdriver.remote.webelement.WebElement (session="4e9c1551e2111df06c68871f3d563289", element="cdfa42a0-e345-4a14-ac17-a956800d56fe")>成功！
2020-09-14 17:41:30  INFO _code_cache.py _create_comtypes_gen_package [ line:95 ] Imported existing <module 'comtypes.gen' from 'C:\\Users\\Administrator\\AppData\\Local\\Programs\\Python\\Python38\\lib\\site-packages\\comtypes\\gen\\__init__.py'>
2020-09-14 17:41:30  INFO _code_cache.py _find_gen_dir [ line:72 ] Using writeable comtypes cache directory: 'C:\Users\Administrator\AppData\Local\Programs\Python\Python38\lib\site-packages\comtypes\gen'
2020-09-14 17:41:45  INFO SeleniumUtils.py wait_eleVisible [ line:39 ] 等待元素('xpath', '//*[@id="uploadPhoneNumber"]')可见！
2020-09-14 17:41:45  INFO SeleniumUtils.py wait_eleVisible [ line:47 ] 等待元素成功！开始等待时间：2020-09-14 17:41:45.246049，结束等待时间：2020-09-14 17:41:45.246049，等待时长为：0:00:00！
2020-09-14 17:41:45  INFO SeleniumUtils.py get_element [ line:64 ] 查找发送个性短信_点击导入中的元素('xpath', '//*[@id="uploadPhoneNumber"]')
2020-09-14 17:41:45  INFO SeleniumUtils.py get_element [ line:67 ] 查找<selenium.webdriver.remote.webelement.WebElement (session="c774415cab81f1cec874dddd851b130d", element="1f4a03de-eea9-4e85-8e73-ba717fd09863")>元素成功！
2020-09-14 17:41:45  INFO SeleniumUtils.py click_element [ line:90 ] 点击元素('xpath', '//*[@id="uploadPhoneNumber"]')！
2020-09-14 17:41:45  INFO SeleniumUtils.py click_element [ line:93 ] 点击元素<selenium.webdriver.remote.webelement.WebElement (session="c774415cab81f1cec874dddd851b130d", element="1f4a03de-eea9-4e85-8e73-ba717fd09863")>成功！
2020-09-14 17:43:46  INFO _code_cache.py _create_comtypes_gen_package [ line:95 ] Imported existing <module 'comtypes.gen' from 'C:\\Users\\Administrator\\AppData\\Local\\Programs\\Python\\Python38\\lib\\site-packages\\comtypes\\gen\\__init__.py'>
2020-09-14 17:43:46  INFO _code_cache.py _find_gen_dir [ line:72 ] Using writeable comtypes cache directory: 'C:\Users\Administrator\AppData\Local\Programs\Python\Python38\lib\site-packages\comtypes\gen'
2020-09-14 17:43:57  INFO SeleniumUtils.py wait_eleVisible [ line:39 ] 等待元素('xpath', '//*[@id="uploadPhoneNumber"]')可见！
2020-09-14 17:43:57  INFO SeleniumUtils.py wait_eleVisible [ line:47 ] 等待元素成功！开始等待时间：2020-09-14 17:43:57.198063，结束等待时间：2020-09-14 17:43:57.198063，等待时长为：0:00:00！
2020-09-14 17:43:57  INFO SeleniumUtils.py get_element [ line:64 ] 查找发送个性短信_点击导入中的元素('xpath', '//*[@id="uploadPhoneNumber"]')
2020-09-14 17:43:57  INFO SeleniumUtils.py get_element [ line:67 ] 查找<selenium.webdriver.remote.webelement.WebElement (session="0cdc7652a8a01ef80cf8680be18d9ca5", element="b79f30db-b771-4752-9c3d-b0b57bcc9f74")>元素成功！
2020-09-14 17:43:57  INFO SeleniumUtils.py click_element [ line:90 ] 点击元素('xpath', '//*[@id="uploadPhoneNumber"]')！
2020-09-14 17:43:57  INFO SeleniumUtils.py click_element [ line:93 ] 点击元素<selenium.webdriver.remote.webelement.WebElement (session="0cdc7652a8a01ef80cf8680be18d9ca5", element="b79f30db-b771-4752-9c3d-b0b57bcc9f74")>成功！
2020-09-14 17:44:42  INFO _code_cache.py _create_comtypes_gen_package [ line:95 ] Imported existing <module 'comtypes.gen' from 'C:\\Users\\Administrator\\AppData\\Local\\Programs\\Python\\Python38\\lib\\site-packages\\comtypes\\gen\\__init__.py'>
2020-09-14 17:44:42  INFO _code_cache.py _find_gen_dir [ line:72 ] Using writeable comtypes cache directory: 'C:\Users\Administrator\AppData\Local\Programs\Python\Python38\lib\site-packages\comtypes\gen'
2020-09-14 17:44:52  INFO SeleniumUtils.py wait_eleVisible [ line:39 ] 等待元素('xpath', '//*[@id="uploadPhoneNumber"]')可见！
2020-09-14 17:44:52  INFO SeleniumUtils.py wait_eleVisible [ line:47 ] 等待元素成功！开始等待时间：2020-09-14 17:44:52.719915，结束等待时间：2020-09-14 17:44:52.719915，等待时长为：0:00:00！
2020-09-14 17:44:52  INFO SeleniumUtils.py get_element [ line:64 ] 查找发送个性短信_点击导入中的元素('xpath', '//*[@id="uploadPhoneNumber"]')
2020-09-14 17:44:52  INFO SeleniumUtils.py get_element [ line:67 ] 查找<selenium.webdriver.remote.webelement.WebElement (session="b27cf1a4c4e82291e7a1c806f259c370", element="2759446a-1047-428c-9c32-68b93b443363")>元素成功！
2020-09-14 17:44:52  INFO SeleniumUtils.py click_element [ line:90 ] 点击元素('xpath', '//*[@id="uploadPhoneNumber"]')！
2020-09-14 17:44:52  INFO SeleniumUtils.py click_element [ line:93 ] 点击元素<selenium.webdriver.remote.webelement.WebElement (session="b27cf1a4c4e82291e7a1c806f259c370", element="2759446a-1047-428c-9c32-68b93b443363")>成功！
2020-09-14 17:45:51  INFO _code_cache.py _create_comtypes_gen_package [ line:95 ] Imported existing <module 'comtypes.gen' from 'C:\\Users\\Administrator\\AppData\\Local\\Programs\\Python\\Python38\\lib\\site-packages\\comtypes\\gen\\__init__.py'>
2020-09-14 17:45:51  INFO _code_cache.py _find_gen_dir [ line:72 ] Using writeable comtypes cache directory: 'C:\Users\Administrator\AppData\Local\Programs\Python\Python38\lib\site-packages\comtypes\gen'
2020-09-14 17:46:02  INFO SeleniumUtils.py wait_eleVisible [ line:39 ] 等待元素('xpath', '//*[@id="uploadPhoneNumber"]')可见！
2020-09-14 17:46:02  INFO SeleniumUtils.py wait_eleVisible [ line:47 ] 等待元素成功！开始等待时间：2020-09-14 17:46:02.493837，结束等待时间：2020-09-14 17:46:02.493837，等待时长为：0:00:00！
2020-09-14 17:46:02  INFO SeleniumUtils.py get_element [ line:64 ] 查找发送个性短信_点击导入中的元素('xpath', '//*[@id="uploadPhoneNumber"]')
2020-09-14 17:46:02  INFO SeleniumUtils.py get_element [ line:67 ] 查找<selenium.webdriver.remote.webelement.WebElement (session="d20aeb777a6911e1d54a25892d66cb97", element="891d0562-c6fd-4f64-9cd7-c98fca65f10e")>元素成功！
2020-09-14 17:46:02  INFO SeleniumUtils.py click_element [ line:90 ] 点击元素('xpath', '//*[@id="uploadPhoneNumber"]')！
2020-09-14 17:46:02  INFO SeleniumUtils.py click_element [ line:93 ] 点击元素<selenium.webdriver.remote.webelement.WebElement (session="d20aeb777a6911e1d54a25892d66cb97", element="891d0562-c6fd-4f64-9cd7-c98fca65f10e")>成功！
