2020-09-11 11:24:07  INFO SeleniumUtils.py wait_eleVisible [ line:39 ] 等待元素('xpath', '//*[@id="uploadPhoneNumber"]')可见！
2020-09-11 11:24:07  INFO SeleniumUtils.py wait_eleVisible [ line:47 ] 等待元素成功！开始等待时间：2020-09-11 11:24:07.742160，结束等待时间：2020-09-11 11:24:07.742160，等待时长为：0:00:00！
2020-09-11 11:24:07  INFO SeleniumUtils.py get_element [ line:64 ] 查找发送个性短信_点击导入中的元素('xpath', '//*[@id="uploadPhoneNumber"]')
2020-09-11 11:24:07  INFO SeleniumUtils.py get_element [ line:67 ] 查找<selenium.webdriver.remote.webelement.WebElement (session="b4660a710c4ec7edea770a06624ef38c", element="1ec0380f-f39c-4dff-8d3b-1e115c7527c9")>元素成功！
2020-09-11 11:24:07  INFO SeleniumUtils.py click_element [ line:90 ] 点击元素('xpath', '//*[@id="uploadPhoneNumber"]')！
2020-09-11 11:24:07  INFO SeleniumUtils.py click_element [ line:93 ] 点击元素<selenium.webdriver.remote.webelement.WebElement (session="b4660a710c4ec7edea770a06624ef38c", element="1ec0380f-f39c-4dff-8d3b-1e115c7527c9")>成功！
2020-09-11 11:24:13  WARNING connectionpool.py urlopen [ line:751 ] Retrying (Retry(total=2, connect=None, read=None, redirect=None, status=None)) after connection broken by 'NewConnectionError('<urllib3.connection.HTTPConnection object at 0x0000020FEFD6B310>: Failed to establish a new connection: [WinError 10061] 由于目标计算机积极拒绝，无法连接。')': /session/b4660a710c4ec7edea770a06624ef38c/refresh
2020-09-11 11:24:15  WARNING connectionpool.py urlopen [ line:751 ] Retrying (Retry(total=1, connect=None, read=None, redirect=None, status=None)) after connection broken by 'NewConnectionError('<urllib3.connection.HTTPConnection object at 0x0000020FEFDB0940>: Failed to establish a new connection: [WinError 10061] 由于目标计算机积极拒绝，无法连接。')': /session/b4660a710c4ec7edea770a06624ef38c/refresh
2020-09-11 11:24:17  WARNING connectionpool.py urlopen [ line:751 ] Retrying (Retry(total=0, connect=None, read=None, redirect=None, status=None)) after connection broken by 'NewConnectionError('<urllib3.connection.HTTPConnection object at 0x0000020FEFDC1640>: Failed to establish a new connection: [WinError 10061] 由于目标计算机积极拒绝，无法连接。')': /session/b4660a710c4ec7edea770a06624ef38c/refresh
2020-09-11 11:24:21  WARNING connectionpool.py urlopen [ line:751 ] Retrying (Retry(total=2, connect=None, read=None, redirect=None, status=None)) after connection broken by 'NewConnectionError('<urllib3.connection.HTTPConnection object at 0x0000020FEFDCBB80>: Failed to establish a new connection: [WinError 10061] 由于目标计算机积极拒绝，无法连接。')': /session/b4660a710c4ec7edea770a06624ef38c/window
2020-09-11 11:24:23  WARNING connectionpool.py urlopen [ line:751 ] Retrying (Retry(total=1, connect=None, read=None, redirect=None, status=None)) after connection broken by 'NewConnectionError('<urllib3.connection.HTTPConnection object at 0x0000020FEFDE60D0>: Failed to establish a new connection: [WinError 10061] 由于目标计算机积极拒绝，无法连接。')': /session/b4660a710c4ec7edea770a06624ef38c/window
2020-09-11 11:24:25  WARNING connectionpool.py urlopen [ line:751 ] Retrying (Retry(total=0, connect=None, read=None, redirect=None, status=None)) after connection broken by 'NewConnectionError('<urllib3.connection.HTTPConnection object at 0x0000020FEFDE61F0>: Failed to establish a new connection: [WinError 10061] 由于目标计算机积极拒绝，无法连接。')': /session/b4660a710c4ec7edea770a06624ef38c/window
2020-09-11 11:37:59  INFO SeleniumUtils.py wait_eleVisible [ line:39 ] 等待元素('xpath', '//*[@id="uploadPhoneNumber"]')可见！
2020-09-11 11:37:59  INFO SeleniumUtils.py wait_eleVisible [ line:47 ] 等待元素成功！开始等待时间：2020-09-11 11:37:59.076705，结束等待时间：2020-09-11 11:37:59.076705，等待时长为：0:00:00！
2020-09-11 11:37:59  INFO SeleniumUtils.py get_element [ line:64 ] 查找发送个性短信_点击导入中的元素('xpath', '//*[@id="uploadPhoneNumber"]')
2020-09-11 11:37:59  INFO SeleniumUtils.py get_element [ line:67 ] 查找<selenium.webdriver.remote.webelement.WebElement (session="86b365baeb71d7be656cd03977aca8a8", element="f0b6cb0c-35cc-4c7e-91ce-3bed05b88af6")>元素成功！
2020-09-11 11:37:59  INFO SeleniumUtils.py click_element [ line:90 ] 点击元素('xpath', '//*[@id="uploadPhoneNumber"]')！
2020-09-11 11:37:59  INFO SeleniumUtils.py click_element [ line:93 ] 点击元素<selenium.webdriver.remote.webelement.WebElement (session="86b365baeb71d7be656cd03977aca8a8", element="f0b6cb0c-35cc-4c7e-91ce-3bed05b88af6")>成功！
2020-09-11 11:38:03  WARNING connectionpool.py urlopen [ line:751 ] Retrying (Retry(total=2, connect=None, read=None, redirect=None, status=None)) after connection broken by 'NewConnectionError('<urllib3.connection.HTTPConnection object at 0x000001AC9619B310>: Failed to establish a new connection: [WinError 10061] 由于目标计算机积极拒绝，无法连接。')': /session/86b365baeb71d7be656cd03977aca8a8/refresh
2020-09-11 11:38:05  WARNING connectionpool.py urlopen [ line:751 ] Retrying (Retry(total=1, connect=None, read=None, redirect=None, status=None)) after connection broken by 'NewConnectionError('<urllib3.connection.HTTPConnection object at 0x000001AC961DF940>: Failed to establish a new connection: [WinError 10061] 由于目标计算机积极拒绝，无法连接。')': /session/86b365baeb71d7be656cd03977aca8a8/refresh
2020-09-11 11:38:07  WARNING connectionpool.py urlopen [ line:751 ] Retrying (Retry(total=0, connect=None, read=None, redirect=None, status=None)) after connection broken by 'NewConnectionError('<urllib3.connection.HTTPConnection object at 0x000001AC961F0640>: Failed to establish a new connection: [WinError 10061] 由于目标计算机积极拒绝，无法连接。')': /session/86b365baeb71d7be656cd03977aca8a8/refresh
2020-09-11 11:38:11  WARNING connectionpool.py urlopen [ line:751 ] Retrying (Retry(total=2, connect=None, read=None, redirect=None, status=None)) after connection broken by 'NewConnectionError('<urllib3.connection.HTTPConnection object at 0x000001AC961FBB80>: Failed to establish a new connection: [WinError 10061] 由于目标计算机积极拒绝，无法连接。')': /session/86b365baeb71d7be656cd03977aca8a8/window
2020-09-11 11:38:13  WARNING connectionpool.py urlopen [ line:751 ] Retrying (Retry(total=1, connect=None, read=None, redirect=None, status=None)) after connection broken by 'NewConnectionError('<urllib3.connection.HTTPConnection object at 0x000001AC962160D0>: Failed to establish a new connection: [WinError 10061] 由于目标计算机积极拒绝，无法连接。')': /session/86b365baeb71d7be656cd03977aca8a8/window
2020-09-11 11:38:15  WARNING connectionpool.py urlopen [ line:751 ] Retrying (Retry(total=0, connect=None, read=None, redirect=None, status=None)) after connection broken by 'NewConnectionError('<urllib3.connection.HTTPConnection object at 0x000001AC962161F0>: Failed to establish a new connection: [WinError 10061] 由于目标计算机积极拒绝，无法连接。')': /session/86b365baeb71d7be656cd03977aca8a8/window
2020-09-11 11:42:21  INFO SeleniumUtils.py wait_eleVisible [ line:39 ] 等待元素('xpath', '//*[@id="uploadPhoneNumber"]')可见！
2020-09-11 11:42:21  INFO SeleniumUtils.py wait_eleVisible [ line:47 ] 等待元素成功！开始等待时间：2020-09-11 11:42:21.990455，结束等待时间：2020-09-11 11:42:21.990455，等待时长为：0:00:00！
2020-09-11 11:42:21  INFO SeleniumUtils.py get_element [ line:64 ] 查找发送个性短信_点击导入中的元素('xpath', '//*[@id="uploadPhoneNumber"]')
2020-09-11 11:42:21  INFO SeleniumUtils.py get_element [ line:67 ] 查找<selenium.webdriver.remote.webelement.WebElement (session="540ebe9c1e2107fb44a28a9edeb4f446", element="edad9732-1e03-419f-ac19-107171149070")>元素成功！
2020-09-11 11:42:21  INFO SeleniumUtils.py click_element [ line:90 ] 点击元素('xpath', '//*[@id="uploadPhoneNumber"]')！
2020-09-11 11:42:22  INFO SeleniumUtils.py click_element [ line:93 ] 点击元素<selenium.webdriver.remote.webelement.WebElement (session="540ebe9c1e2107fb44a28a9edeb4f446", element="edad9732-1e03-419f-ac19-107171149070")>成功！
2020-09-11 15:12:33  INFO SeleniumUtils.py wait_eleVisible [ line:39 ] 等待元素('xpath', '//*[@id="uploadPhoneNumber"]')可见！
2020-09-11 15:12:33  INFO SeleniumUtils.py wait_eleVisible [ line:47 ] 等待元素成功！开始等待时间：2020-09-11 15:12:33.614985，结束等待时间：2020-09-11 15:12:33.614985，等待时长为：0:00:00！
2020-09-11 15:12:33  INFO SeleniumUtils.py get_element [ line:64 ] 查找发送个性短信_点击导入中的元素('xpath', '//*[@id="uploadPhoneNumber"]')
2020-09-11 15:12:33  INFO SeleniumUtils.py get_element [ line:67 ] 查找<selenium.webdriver.remote.webelement.WebElement (session="9d201876a966d316e72aaf32ab4aea62", element="7eca4869-15f6-43ed-87fb-4ffed7137e60")>元素成功！
2020-09-11 15:12:33  INFO SeleniumUtils.py click_element [ line:90 ] 点击元素('xpath', '//*[@id="uploadPhoneNumber"]')！
2020-09-11 15:12:33  INFO SeleniumUtils.py click_element [ line:93 ] 点击元素<selenium.webdriver.remote.webelement.WebElement (session="9d201876a966d316e72aaf32ab4aea62", element="7eca4869-15f6-43ed-87fb-4ffed7137e60")>成功！
2020-09-11 15:12:37  WARNING connectionpool.py urlopen [ line:751 ] Retrying (Retry(total=2, connect=None, read=None, redirect=None, status=None)) after connection broken by 'NewConnectionError('<urllib3.connection.HTTPConnection object at 0x0000018895D2B310>: Failed to establish a new connection: [WinError 10061] 由于目标计算机积极拒绝，无法连接。')': /session/9d201876a966d316e72aaf32ab4aea62/refresh
2020-09-11 15:12:39  WARNING connectionpool.py urlopen [ line:751 ] Retrying (Retry(total=1, connect=None, read=None, redirect=None, status=None)) after connection broken by 'NewConnectionError('<urllib3.connection.HTTPConnection object at 0x0000018895D6F940>: Failed to establish a new connection: [WinError 10061] 由于目标计算机积极拒绝，无法连接。')': /session/9d201876a966d316e72aaf32ab4aea62/refresh
2020-09-11 15:12:41  WARNING connectionpool.py urlopen [ line:751 ] Retrying (Retry(total=0, connect=None, read=None, redirect=None, status=None)) after connection broken by 'NewConnectionError('<urllib3.connection.HTTPConnection object at 0x0000018895D80640>: Failed to establish a new connection: [WinError 10061] 由于目标计算机积极拒绝，无法连接。')': /session/9d201876a966d316e72aaf32ab4aea62/refresh
2020-09-11 15:12:45  WARNING connectionpool.py urlopen [ line:751 ] Retrying (Retry(total=2, connect=None, read=None, redirect=None, status=None)) after connection broken by 'NewConnectionError('<urllib3.connection.HTTPConnection object at 0x0000018895D8BB80>: Failed to establish a new connection: [WinError 10061] 由于目标计算机积极拒绝，无法连接。')': /session/9d201876a966d316e72aaf32ab4aea62/window
2020-09-11 15:12:47  WARNING connectionpool.py urlopen [ line:751 ] Retrying (Retry(total=1, connect=None, read=None, redirect=None, status=None)) after connection broken by 'NewConnectionError('<urllib3.connection.HTTPConnection object at 0x0000018895DA60D0>: Failed to establish a new connection: [WinError 10061] 由于目标计算机积极拒绝，无法连接。')': /session/9d201876a966d316e72aaf32ab4aea62/window
2020-09-11 15:12:49  WARNING connectionpool.py urlopen [ line:751 ] Retrying (Retry(total=0, connect=None, read=None, redirect=None, status=None)) after connection broken by 'NewConnectionError('<urllib3.connection.HTTPConnection object at 0x0000018895DA61F0>: Failed to establish a new connection: [WinError 10061] 由于目标计算机积极拒绝，无法连接。')': /session/9d201876a966d316e72aaf32ab4aea62/window
2020-09-11 15:36:28  INFO SeleniumUtils.py wait_eleVisible [ line:39 ] 等待元素('xpath', '//*[@id="uploadPhoneNumber"]')可见！
2020-09-11 15:36:28  INFO SeleniumUtils.py wait_eleVisible [ line:47 ] 等待元素成功！开始等待时间：2020-09-11 15:36:28.770982，结束等待时间：2020-09-11 15:36:28.770982，等待时长为：0:00:00！
2020-09-11 15:36:28  INFO SeleniumUtils.py get_element [ line:64 ] 查找发送个性短信_点击导入中的元素('xpath', '//*[@id="uploadPhoneNumber"]')
2020-09-11 15:36:28  INFO SeleniumUtils.py get_element [ line:67 ] 查找<selenium.webdriver.remote.webelement.WebElement (session="a8ff6d48a945f8283e29f9cd7f1b690d", element="ee32027e-f5c4-406f-ae77-397cfab9d154")>元素成功！
2020-09-11 15:36:28  INFO SeleniumUtils.py click_element [ line:90 ] 点击元素('xpath', '//*[@id="uploadPhoneNumber"]')！
2020-09-11 15:36:28  INFO SeleniumUtils.py click_element [ line:93 ] 点击元素<selenium.webdriver.remote.webelement.WebElement (session="a8ff6d48a945f8283e29f9cd7f1b690d", element="ee32027e-f5c4-406f-ae77-397cfab9d154")>成功！
2020-09-11 15:38:28  INFO SeleniumUtils.py wait_eleVisible [ line:39 ] 等待元素('xpath', '//*[@id="uploadPhoneNumber"]')可见！
2020-09-11 15:38:28  INFO SeleniumUtils.py wait_eleVisible [ line:47 ] 等待元素成功！开始等待时间：2020-09-11 15:38:28.877301，结束等待时间：2020-09-11 15:38:28.877301，等待时长为：0:00:00！
2020-09-11 15:38:28  INFO SeleniumUtils.py get_element [ line:64 ] 查找发送个性短信_点击导入中的元素('xpath', '//*[@id="uploadPhoneNumber"]')
2020-09-11 15:38:28  INFO SeleniumUtils.py get_element [ line:67 ] 查找<selenium.webdriver.remote.webelement.WebElement (session="c0e9ab6724a9bfa76f64ecc7d18d3510", element="ebc2077b-47be-49ae-90b8-2ac1996e286c")>元素成功！
2020-09-11 15:38:28  INFO SeleniumUtils.py click_element [ line:90 ] 点击元素('xpath', '//*[@id="uploadPhoneNumber"]')！
2020-09-11 15:38:28  INFO SeleniumUtils.py click_element [ line:93 ] 点击元素<selenium.webdriver.remote.webelement.WebElement (session="c0e9ab6724a9bfa76f64ecc7d18d3510", element="ebc2077b-47be-49ae-90b8-2ac1996e286c")>成功！
2020-09-11 15:39:32  INFO SeleniumUtils.py wait_eleVisible [ line:39 ] 等待元素('xpath', '//*[@id="uploadPhoneNumber"]')可见！
2020-09-11 15:39:32  INFO SeleniumUtils.py wait_eleVisible [ line:47 ] 等待元素成功！开始等待时间：2020-09-11 15:39:32.328207，结束等待时间：2020-09-11 15:39:32.328207，等待时长为：0:00:00！
2020-09-11 15:39:32  INFO SeleniumUtils.py get_element [ line:64 ] 查找发送个性短信_点击导入中的元素('xpath', '//*[@id="uploadPhoneNumber"]')
2020-09-11 15:39:32  INFO SeleniumUtils.py get_element [ line:67 ] 查找<selenium.webdriver.remote.webelement.WebElement (session="228168020f8f192aef4a2fe15bfa7716", element="53e8b007-73a6-44b0-a038-79aec38b3f2a")>元素成功！
2020-09-11 15:39:32  INFO SeleniumUtils.py click_element [ line:90 ] 点击元素('xpath', '//*[@id="uploadPhoneNumber"]')！
2020-09-11 15:39:32  INFO SeleniumUtils.py click_element [ line:93 ] 点击元素<selenium.webdriver.remote.webelement.WebElement (session="228168020f8f192aef4a2fe15bfa7716", element="53e8b007-73a6-44b0-a038-79aec38b3f2a")>成功！
2020-09-11 15:41:06  INFO SeleniumUtils.py wait_eleVisible [ line:39 ] 等待元素('xpath', '//*[@id="uploadPhoneNumber"]')可见！
2020-09-11 15:41:06  INFO SeleniumUtils.py wait_eleVisible [ line:47 ] 等待元素成功！开始等待时间：2020-09-11 15:41:06.220017，结束等待时间：2020-09-11 15:41:06.220017，等待时长为：0:00:00！
2020-09-11 15:41:06  INFO SeleniumUtils.py get_element [ line:64 ] 查找发送个性短信_点击导入中的元素('xpath', '//*[@id="uploadPhoneNumber"]')
2020-09-11 15:41:06  INFO SeleniumUtils.py get_element [ line:67 ] 查找<selenium.webdriver.remote.webelement.WebElement (session="8400e274e34ca67c86a01090675dd9a2", element="eaacd95e-5f23-4225-b240-8ee1477c3b5a")>元素成功！
2020-09-11 15:41:06  INFO SeleniumUtils.py click_element [ line:90 ] 点击元素('xpath', '//*[@id="uploadPhoneNumber"]')！
2020-09-11 15:41:06  INFO SeleniumUtils.py click_element [ line:93 ] 点击元素<selenium.webdriver.remote.webelement.WebElement (session="8400e274e34ca67c86a01090675dd9a2", element="eaacd95e-5f23-4225-b240-8ee1477c3b5a")>成功！
2020-09-11 15:46:16  INFO SeleniumUtils.py wait_eleVisible [ line:39 ] 等待元素('xpath', '//*[@id="uploadPhoneNumber"]')可见！
2020-09-11 15:46:16  INFO SeleniumUtils.py wait_eleVisible [ line:47 ] 等待元素成功！开始等待时间：2020-09-11 15:46:16.878503，结束等待时间：2020-09-11 15:46:16.878503，等待时长为：0:00:00！
2020-09-11 15:46:16  INFO SeleniumUtils.py get_element [ line:64 ] 查找发送个性短信_点击导入中的元素('xpath', '//*[@id="uploadPhoneNumber"]')
2020-09-11 15:46:16  INFO SeleniumUtils.py get_element [ line:67 ] 查找<selenium.webdriver.remote.webelement.WebElement (session="ef7c334e0e47f9b8ac41d09402e8cc19", element="3cb5fc91-a60e-40de-8f07-44e541606087")>元素成功！
2020-09-11 15:46:16  INFO SeleniumUtils.py click_element [ line:90 ] 点击元素('xpath', '//*[@id="uploadPhoneNumber"]')！
2020-09-11 15:46:16  INFO SeleniumUtils.py click_element [ line:93 ] 点击元素<selenium.webdriver.remote.webelement.WebElement (session="ef7c334e0e47f9b8ac41d09402e8cc19", element="3cb5fc91-a60e-40de-8f07-44e541606087")>成功！
2020-09-11 15:47:26  INFO SeleniumUtils.py wait_eleVisible [ line:39 ] 等待元素('xpath', '//*[@id="uploadPhoneNumber"]')可见！
2020-09-11 15:47:26  INFO SeleniumUtils.py wait_eleVisible [ line:47 ] 等待元素成功！开始等待时间：2020-09-11 15:47:26.914817，结束等待时间：2020-09-11 15:47:26.914817，等待时长为：0:00:00！
2020-09-11 15:47:26  INFO SeleniumUtils.py get_element [ line:64 ] 查找发送个性短信_点击导入中的元素('xpath', '//*[@id="uploadPhoneNumber"]')
2020-09-11 15:47:26  INFO SeleniumUtils.py get_element [ line:67 ] 查找<selenium.webdriver.remote.webelement.WebElement (session="7b30b9baf458540de0a6818b5bd56127", element="998fff79-01a6-467f-aa2d-af06638bace6")>元素成功！
2020-09-11 15:47:26  INFO SeleniumUtils.py click_element [ line:90 ] 点击元素('xpath', '//*[@id="uploadPhoneNumber"]')！
2020-09-11 15:47:26  INFO SeleniumUtils.py click_element [ line:93 ] 点击元素<selenium.webdriver.remote.webelement.WebElement (session="7b30b9baf458540de0a6818b5bd56127", element="998fff79-01a6-467f-aa2d-af06638bace6")>成功！
